<?xml version="1.0" encoding="UTF-8"?>
<!-- Generated by org.testng.reporters.JUnitXMLReporter -->
<testsuite ignored="0" hostname="DESKTOP-VE2CCS3" failures="0" tests="6" name="Test" time="0.361" errors="0" timestamp="2022-06-14T21:05:44 IST">
  <testcase classname="com.selenium.testng.TestExamples" name="LoginTest" time="0.015"/>
  <testcase classname="com.selenium.testng.TestExamples" name="homePage" time="0.017"/>
  <testcase classname="com.selenium.testng.TestExamples" name="MyAccount" time="0.042"/>
  <testcase classname="com.selenium.testng.TestExamples" name="skipTest2" time="0.017">
    <skipped/>
  </testcase> <!-- skipTest2 -->
  <testcase classname="com.selenium.testng.TestExamples" name="skipTest1" time="0.013"/>
  <testcase classname="com.selenium.testng.TestExamples" name="LogOutTest" time="0.005"/>
</testsuite> <!-- Test -->
