<?xml version="1.0" encoding="UTF-8"?>
<!-- Generated by org.testng.reporters.JUnitXMLReporter -->
<testsuite ignored="0" hostname="DESKTOP-VE2CCS3" failures="0" tests="4" name="Test" time="0.157" errors="0" timestamp="2022-04-23T22:15:00 IST">
  <testcase classname="com.selenium.testng.TestExamples" name="LoginTest" time="0.011"/>
  <testcase classname="com.selenium.testng.TestExamples" name="homePage" time="0.005"/>
  <testcase classname="com.selenium.testng.TestExamples" name="MyAccount" time="0.009"/>
  <testcase classname="com.selenium.testng.TestExamples" name="LogOutTest" time="0.002"/>
</testsuite> <!-- Test -->
